[00:08:14] [main/INFO] (FabricLoader/GameProvider) Loading Minecraft 1.20.1 with Fabric Loader 0.15.11
[00:08:14] [ForkJoinPool-1-worker-1/WARN] (FabricLoader/Metadata) Mod leafclient uses the version ${version} which isn't compatible with Loader's extended semantic version format (Could not parse version number component '${version}'!), SemVer is recommended for reliably evaluating dependencies and prioritizing newer version
[00:08:14] [main/INFO] (FabricLoader) Loading 59 mods:
	- fabric-api 0.92.0+1.20.1
	- fabric-api-base 0.4.31+1802ada577
	- fabric-api-lookup-api-v1 1.6.36+1802ada577
	- fabric-biome-api-v1 13.0.13+1802ada577
	- fabric-block-api-v1 1.0.11+1802ada577
	- fabric-block-view-api-v2 1.0.1+1802ada577
	- fabric-blockrenderlayer-v1 1.1.41+1802ada577
	- fabric-client-tags-api-v1 1.1.2+1802ada577
	- fabric-command-api-v1 1.2.34+f71b366f77
	- fabric-command-api-v2 2.2.13+1802ada577
	- fabric-commands-v0 0.2.51+df3654b377
	- fabric-containers-v0 0.1.64+df3654b377
	- fabric-content-registries-v0 4.0.11+1802ada577
	- fabric-convention-tags-v1 1.5.5+1802ada577
	- fabric-crash-report-info-v1 0.2.19+1802ada577
	- fabric-data-attachment-api-v1 1.0.0+de0fd6d177
	- fabric-data-generation-api-v1 12.3.4+1802ada577
	- fabric-dimensions-v1 2.1.54+1802ada577
	- fabric-entity-events-v1 1.6.0+1c78457f77
	- fabric-events-interaction-v0 0.6.2+1802ada577
	- fabric-events-lifecycle-v0 0.2.63+df3654b377
	- fabric-game-rule-api-v1 1.0.40+1802ada577
	- fabric-gametest-api-v1 1.2.13+1802ada577
	- fabric-item-api-v1 2.1.28+1802ada577
	- fabric-item-group-api-v1 4.0.12+1802ada577
	- fabric-key-binding-api-v1 1.0.37+1802ada577
	- fabric-keybindings-v0 0.2.35+df3654b377
	- fabric-lifecycle-events-v1 2.2.22+1802ada577
	- fabric-loot-api-v2 1.2.1+1802ada577
	- fabric-loot-tables-v1 1.1.45+9e7660c677
	- fabric-message-api-v1 5.1.9+1802ada577
	- fabric-mining-level-api-v1 2.1.50+1802ada577
	- fabric-model-loading-api-v1 1.0.3+1802ada577
	- fabric-models-v0 0.4.2+9386d8a777
	- fabric-networking-api-v1 1.3.11+1802ada577
	- fabric-networking-v0 0.3.51+df3654b377
	- fabric-object-builder-api-v1 11.1.3+1802ada577
	- fabric-particles-v1 1.1.2+1802ada577
	- fabric-recipe-api-v1 1.0.21+1802ada577
	- fabric-registry-sync-v0 2.3.3+1802ada577
	- fabric-renderer-api-v1 3.2.1+1802ada577
	- fabric-renderer-indigo 1.5.1+1802ada577
	- fabric-renderer-registries-v1 3.2.46+df3654b377
	- fabric-rendering-data-attachment-v1 0.3.37+92a0d36777
	- fabric-rendering-fluids-v1 3.0.28+1802ada577
	- fabric-rendering-v0 1.1.49+df3654b377
	- fabric-rendering-v1 3.0.8+1802ada577
	- fabric-resource-conditions-api-v1 2.3.8+1802ada577
	- fabric-resource-loader-v0 0.11.10+1802ada577
	- fabric-screen-api-v1 2.0.8+1802ada577
	- fabric-screen-handler-api-v1 1.3.30+1802ada577
	- fabric-sound-api-v1 1.0.13+1802ada577
	- fabric-transfer-api-v1 3.3.4+1802ada577
	- fabric-transitive-access-wideners-v1 4.3.1+1802ada577
	- fabricloader 0.15.11
	- java 17
	- leafclient ${version}
	- minecraft 1.20.1
	- mixinextras 0.3.5
[00:08:14] [main/INFO] (FabricLoader/Mixin) SpongePowered MIXIN Subsystem Version=0.8.5 Source=file:/C:/Users/ziadf/scoop/apps/gradle/current/.gradle/caches/modules-2/files-2.1/net.fabricmc/sponge-mixin/0.13.3+mixin.0.8.5/9527e6b0d2449408958fd1302594dc65ec5ade9c/sponge-mixin-0.13.3+mixin.0.8.5.jar Service=Knot/Fabric Env=CLIENT
[00:08:14] [main/INFO] (FabricLoader/Mixin) Loaded Fabric development mappings for mixin remapper!
[00:08:14] [main/INFO] (FabricLoader/Mixin) Compatibility level set to JAVA_17
[00:08:19] [main/INFO] (FabricLoader/MixinExtras|Service) Initializing MixinExtras via com.llamalad7.mixinextras.service.MixinExtrasServiceImpl(version=0.3.5).
[00:08:21] [main/WARN] (PerfDataUtil) Failed to add PDH Counter: \Paging File(_Total)\% Usage, Error code: 0xC0000BB8
[00:08:21] [main/WARN] (PerfCounterQueryHandler) Failed to add counter for PDH counter: \Paging File(_Total)\% Usage
[00:08:21] [main/WARN] (PerfCounterQuery) Disabling further attempts to query Paging File.
[00:08:27] [main/WARN] (WmiQueryHandler) COM exception: Invalid Query: SELECT PERCENTUSAGE FROM Win32_PerfRawData_PerfOS_PagingFile
[00:08:32] [Datafixer Bootstrap/INFO] (Minecraft) 188 Datafixer optimizations took 171 milliseconds
[00:08:34] [Render thread/INFO] (FabricLoader/Mixin) leafclient.mixins.json:MinecraftClientAccessor from mod leafclient->@Accessor[FIELD_GETTER]::getCurrentFps()I should be static as its target is
[00:08:34] [Render thread/INFO] (Minecraft) Environment: authHost='https://authserver.mojang.com', accountsHost='https://api.mojang.com', sessionHost='https://sessionserver.mojang.com', servicesHost='https://api.minecraftservices.com', name='PROD'
[00:08:35] [Render thread/ERROR] (Minecraft) Failed to verify authentication
com.mojang.authlib.exceptions.InvalidCredentialsException: Status: 401
	at com.mojang.authlib.exceptions.MinecraftClientHttpException.toAuthenticationException(MinecraftClientHttpException.java:56) ~[authlib-4.0.43.jar:?]
	at com.mojang.authlib.yggdrasil.YggdrasilUserApiService.fetchProperties(YggdrasilUserApiService.java:156) ~[authlib-4.0.43.jar:?]
	at com.mojang.authlib.yggdrasil.YggdrasilUserApiService.<init>(YggdrasilUserApiService.java:55) ~[authlib-4.0.43.jar:?]
	at com.mojang.authlib.yggdrasil.YggdrasilAuthenticationService.createUserApiService(YggdrasilAuthenticationService.java:124) ~[authlib-4.0.43.jar:?]
	at net.minecraft.client.MinecraftClient.createUserApiService(MinecraftClient.java:733) ~[minecraft-merged-7787b014d4-1.20.1-net.fabricmc.yarn.1_20_1.1.20.1+build.10-v2.jar:?]
	at net.minecraft.client.MinecraftClient.<init>(MinecraftClient.java:442) ~[minecraft-merged-7787b014d4-1.20.1-net.fabricmc.yarn.1_20_1.1.20.1+build.10-v2.jar:?]
	at net.minecraft.client.main.Main.main(Main.java:211) ~[minecraft-merged-7787b014d4-1.20.1-net.fabricmc.yarn.1_20_1.1.20.1+build.10-v2.jar:?]
	at net.fabricmc.loader.impl.game.minecraft.MinecraftGameProvider.launch(MinecraftGameProvider.java:470) ~[fabric-loader-0.15.11.jar:?]
	at net.fabricmc.loader.impl.launch.knot.Knot.launch(Knot.java:74) ~[fabric-loader-0.15.11.jar:?]
	at net.fabricmc.loader.impl.launch.knot.KnotClient.main(KnotClient.java:23) ~[fabric-loader-0.15.11.jar:?]
	at net.fabricmc.devlaunchinjector.Main.main(Main.java:86) ~[dev-launch-injector-0.2.1+build.8.jar:?]
Caused by: com.mojang.authlib.exceptions.MinecraftClientHttpException: Status: 401
	at com.mojang.authlib.minecraft.client.MinecraftClient.readInputStream(MinecraftClient.java:85) ~[authlib-4.0.43.jar:?]
	at com.mojang.authlib.minecraft.client.MinecraftClient.get(MinecraftClient.java:48) ~[authlib-4.0.43.jar:?]
	at com.mojang.authlib.yggdrasil.YggdrasilUserApiService.fetchProperties(YggdrasilUserApiService.java:129) ~[authlib-4.0.43.jar:?]
	... 9 more
[00:08:35] [Render thread/INFO] (Minecraft) Setting user: Player570
[00:08:35] [Render thread/INFO] (Minecraft) [STDOUT]: LeafClientCommon initialized!
[00:08:36] [Render thread/INFO] (Indigo) [Indigo] Registering Indigo renderer!
[00:08:36] [Render thread/INFO] (Minecraft) [STDOUT]: ------------------------------------------
[00:08:36] [Render thread/INFO] (Minecraft) [STDOUT]: |     LeafClient Runtime v1.0.0          |
[00:08:36] [Render thread/INFO] (Minecraft) [STDOUT]: ------------------------------------------
[00:08:36] [Render thread/INFO] (Minecraft) [STDOUT]: [1/3] Initializing core...
[00:08:36] [Render thread/INFO] (Minecraft) [STDOUT]: [LeafClient] FullBrightMod enabled: false
[00:08:36] [Render thread/INFO] (Minecraft) [STDOUT]: [LeafClient] FPSMod enabled: true
[00:08:36] [Render thread/INFO] (Minecraft) [STDOUT]: [LeafClient] CPS enabled
[00:08:36] [Render thread/INFO] (Minecraft) [STDOUT]: [LeafClient] Ping enabled
[00:08:36] [Render thread/INFO] (Minecraft) [STDOUT]: [LeafClient] CoordinatesMod enabled: true
[00:08:36] [Render thread/INFO] (Minecraft) [STDOUT]: [LeafClient] Performance enabled
[00:08:36] [Render thread/INFO] (Minecraft) [STDOUT]: [LeafClient] Zoom enabled
[00:08:36] [Render thread/INFO] (Minecraft) [STDOUT]: [LeafClient] ToggleSprint enabled
[00:08:36] [Render thread/INFO] (Minecraft) [STDOUT]: [LeafClient] Freelook enabled
[00:08:36] [Render thread/INFO] (Minecraft) [STDOUT]: [LeafClient] Minimap user preference: enabled
[00:08:36] [Render thread/INFO] (Minecraft) [STDOUT]: [LeafClient] Waypoints enabled
[00:08:36] [Render thread/INFO] (Minecraft) [STDOUT]: [LeafClient] ArmorHUD enabled
[00:08:36] [Render thread/INFO] (Minecraft) [STDOUT]: [LeafClient] Keystrokes enabled
[00:08:36] [Render thread/INFO] (Minecraft) [STDOUT]: [LeafClient] ItemCounter enabled
[00:08:36] [Render thread/INFO] (Minecraft) [STDOUT]: [LeafClient] ChatMacros enabled
[00:08:36] [Render thread/INFO] (Minecraft) [STDOUT]: [LeafClient] Crosshair enabled
[00:08:36] [Render thread/INFO] (Minecraft) [STDOUT]: [LeafClient] ServerInfo enabled
[00:08:36] [Render thread/INFO] (Minecraft) [STDOUT]:   - Core initialized
[00:08:36] [Render thread/INFO] (Minecraft) [STDOUT]: [2/3] Loading configuration...
[00:08:36] [Render thread/INFO] (Minecraft) [STDOUT]: [ConfigManager] Loading all configurations...
[00:08:36] [Render thread/INFO] (Minecraft) [STDOUT]: [ConfigManager] Loaded 22 configuration entries
[00:08:36] [Render thread/INFO] (Minecraft) [STDOUT]: [LeafClient] FullBrightMod enabled: false
[00:08:36] [Render thread/INFO] (Minecraft) [STDOUT]: [LeafClient] FPSMod enabled: true
[00:08:36] [Render thread/INFO] (Minecraft) [STDOUT]: [LeafClient] CPS enabled
[00:08:36] [Render thread/INFO] (Minecraft) [STDOUT]: [LeafClient] Ping enabled
[00:08:36] [Render thread/INFO] (Minecraft) [STDOUT]: [LeafClient] CoordinatesMod enabled: true
[00:08:36] [Render thread/INFO] (Minecraft) [STDOUT]: [LeafClient] Performance enabled
[00:08:36] [Render thread/INFO] (Minecraft) [STDOUT]: [LeafClient] Zoom enabled
[00:08:36] [Render thread/INFO] (Minecraft) [STDOUT]: [LeafClient] ToggleSprint enabled
[00:08:36] [Render thread/INFO] (Minecraft) [STDOUT]: [LeafClient] Freelook enabled
[00:08:36] [Render thread/INFO] (Minecraft) [STDOUT]: [LeafClient] Minimap user preference: enabled
[00:08:36] [Render thread/INFO] (Minecraft) [STDOUT]: [LeafClient] Waypoints enabled
[00:08:36] [Render thread/INFO] (Minecraft) [STDOUT]: [LeafClient] ArmorHUD enabled
[00:08:36] [Render thread/INFO] (Minecraft) [STDOUT]: [LeafClient] Keystrokes enabled
[00:08:36] [Render thread/INFO] (Minecraft) [STDOUT]: [LeafClient] ItemCounter enabled
[00:08:36] [Render thread/INFO] (Minecraft) [STDOUT]: [LeafClient] ChatMacros enabled
[00:08:36] [Render thread/INFO] (Minecraft) [STDOUT]: [LeafClient] Crosshair enabled
[00:08:36] [Render thread/INFO] (Minecraft) [STDOUT]: [LeafClient] ServerInfo enabled
[00:08:36] [Render thread/INFO] (Minecraft) [STDOUT]:   - Configuration loaded
[00:08:36] [Render thread/INFO] (Minecraft) [STDOUT]: [3/3] Initializing UI...
[00:08:36] [Render thread/INFO] (Minecraft) [STDOUT]:   - UI initialized
[00:08:36] [Render thread/INFO] (Minecraft) [STDOUT]: - LeafClient initialized in 97ms
[00:08:36] [Render thread/INFO] (Minecraft) [STDOUT]: - Loaded 18 mods
[00:08:36] [Render thread/INFO] (Minecraft) Backend library: LWJGL version 3.3.1 SNAPSHOT
[00:08:42] [Render thread/INFO] (Minecraft) Reloading ResourceManager: vanilla, fabric (fabric-keybindings-v0, fabric-transitive-access-wideners-v1, fabric-block-view-api-v2, fabric-screen-handler-api-v1, fabric-renderer-indigo, fabric-commands-v0, fabric-recipe-api-v1, fabric-loot-tables-v1, fabric-command-api-v1, fabric-gametest-api-v1, fabric-rendering-fluids-v1, fabric-networking-api-v1, fabric-dimensions-v1, fabric-containers-v0, fabric-rendering-v1, fabric-data-generation-api-v1, fabric-renderer-api-v1, fabric-events-lifecycle-v0, fabric-item-group-api-v1, fabric-api-lookup-api-v1, fabric-biome-api-v1, fabric-client-tags-api-v1, fabric-registry-sync-v0, fabric-convention-tags-v1, fabric-entity-events-v1, fabric-block-api-v1, leafclient, fabric-renderer-registries-v1, fabric-loot-api-v2, fabric-networking-v0, fabric-game-rule-api-v1, fabric-key-binding-api-v1, fabric-resource-loader-v0, fabric-sound-api-v1, fabricloader, fabric-events-interaction-v0, fabric-lifecycle-events-v1, fabric-rendering-v0, fabric-object-builder-api-v1, fabric-models-v0, fabric-api, fabric-message-api-v1, fabric-data-attachment-api-v1, fabric-item-api-v1, fabric-content-registries-v0, fabric-mining-level-api-v1, fabric-blockrenderlayer-v1, fabric-crash-report-info-v1, fabric-resource-conditions-api-v1, fabric-particles-v1, fabric-transfer-api-v1, fabric-api-base, fabric-command-api-v2, fabric-model-loading-api-v1, fabric-rendering-data-attachment-v1, fabric-screen-api-v1)
[00:08:42] [Render thread/ERROR] (ModNioResourcePack) Invalid path in mod resource-pack leafclient: leafclient:font/Bounded-Black.ttf, ignoring
[00:08:42] [Render thread/ERROR] (ModNioResourcePack) Invalid path in mod resource-pack leafclient: leafclient:font/Bounded-ExtraLight.ttf, ignoring
[00:08:42] [Render thread/ERROR] (ModNioResourcePack) Invalid path in mod resource-pack leafclient: leafclient:font/Bounded-Regular.ttf, ignoring
[00:08:42] [Render thread/ERROR] (ModNioResourcePack) Invalid path in mod resource-pack leafclient: leafclient:font/Bounded-Variable.ttf, ignoring
[00:08:42] [Render thread/ERROR] (ModNioResourcePack) Invalid path in mod resource-pack leafclient: leafclient:font/Poppins-Black.ttf, ignoring
[00:08:42] [Render thread/ERROR] (ModNioResourcePack) Invalid path in mod resource-pack leafclient: leafclient:font/Poppins-BlackItalic.ttf, ignoring
[00:08:42] [Render thread/ERROR] (ModNioResourcePack) Invalid path in mod resource-pack leafclient: leafclient:font/Poppins-Bold.ttf, ignoring
[00:08:42] [Render thread/ERROR] (ModNioResourcePack) Invalid path in mod resource-pack leafclient: leafclient:font/Poppins-BoldItalic.ttf, ignoring
[00:08:42] [Render thread/ERROR] (ModNioResourcePack) Invalid path in mod resource-pack leafclient: leafclient:font/Poppins-ExtraBold.ttf, ignoring
[00:08:42] [Render thread/ERROR] (ModNioResourcePack) Invalid path in mod resource-pack leafclient: leafclient:font/Poppins-ExtraBoldItalic.ttf, ignoring
[00:08:42] [Render thread/ERROR] (ModNioResourcePack) Invalid path in mod resource-pack leafclient: leafclient:font/Poppins-ExtraLight.ttf, ignoring
[00:08:42] [Render thread/ERROR] (ModNioResourcePack) Invalid path in mod resource-pack leafclient: leafclient:font/Poppins-ExtraLightItalic.ttf, ignoring
[00:08:42] [Render thread/ERROR] (ModNioResourcePack) Invalid path in mod resource-pack leafclient: leafclient:font/Poppins-Italic.ttf, ignoring
[00:08:42] [Render thread/ERROR] (ModNioResourcePack) Invalid path in mod resource-pack leafclient: leafclient:font/Poppins-Light.ttf, ignoring
[00:08:42] [Render thread/ERROR] (ModNioResourcePack) Invalid path in mod resource-pack leafclient: leafclient:font/Poppins-LightItalic.ttf, ignoring
[00:08:42] [Render thread/ERROR] (ModNioResourcePack) Invalid path in mod resource-pack leafclient: leafclient:font/Poppins-Medium.ttf, ignoring
[00:08:42] [Render thread/ERROR] (ModNioResourcePack) Invalid path in mod resource-pack leafclient: leafclient:font/Poppins-MediumItalic.ttf, ignoring
[00:08:42] [Render thread/ERROR] (ModNioResourcePack) Invalid path in mod resource-pack leafclient: leafclient:font/Poppins-Regular.ttf, ignoring
[00:08:42] [Render thread/ERROR] (ModNioResourcePack) Invalid path in mod resource-pack leafclient: leafclient:font/Poppins-SemiBold.ttf, ignoring
[00:08:42] [Render thread/ERROR] (ModNioResourcePack) Invalid path in mod resource-pack leafclient: leafclient:font/Poppins-SemiBoldItalic.ttf, ignoring
[00:08:42] [Render thread/ERROR] (ModNioResourcePack) Invalid path in mod resource-pack leafclient: leafclient:font/Poppins-Thin.ttf, ignoring
[00:08:42] [Render thread/ERROR] (ModNioResourcePack) Invalid path in mod resource-pack leafclient: leafclient:font/Poppins-ThinItalic.ttf, ignoring
[00:08:42] [Worker-Main-8/WARN] (Minecraft) Unable to load font 'leafclient:leaf_font' in fonts.json in resourcepack: 'fabric'
com.google.gson.JsonParseException: Unknown element name:leafclient:custom_ttf
	at net.minecraft.util.Util.getResult(Util.java:983) ~[minecraft-merged-7787b014d4-1.20.1-net.fabricmc.yarn.1_20_1.1.20.1+build.10-v2.jar:?]
	at net.minecraft.client.font.FontManager.loadFontProviders(FontManager.java:269) ~[minecraft-merged-7787b014d4-1.20.1-net.fabricmc.yarn.1_20_1.1.20.1+build.10-v2.jar:?]
	at net.minecraft.client.font.FontManager.method_51623(FontManager.java:158) ~[minecraft-merged-7787b014d4-1.20.1-net.fabricmc.yarn.1_20_1.1.20.1+build.10-v2.jar:?]
	at java.util.concurrent.CompletableFuture$AsyncSupply.run(CompletableFuture.java:1768) ~[?:?]
	at java.util.concurrent.CompletableFuture$AsyncSupply.exec(CompletableFuture.java:1760) ~[?:?]
	at java.util.concurrent.ForkJoinTask.doExec(ForkJoinTask.java:373) ~[?:?]
	at java.util.concurrent.ForkJoinPool$WorkQueue.topLevelExec(ForkJoinPool.java:1182) ~[?:?]
	at java.util.concurrent.ForkJoinPool.scan(ForkJoinPool.java:1655) ~[?:?]
	at java.util.concurrent.ForkJoinPool.runWorker(ForkJoinPool.java:1622) ~[?:?]
	at java.util.concurrent.ForkJoinWorkerThread.run(ForkJoinWorkerThread.java:165) ~[?:?]
[00:08:42] [Worker-Main-7/INFO] (Minecraft) Found unifont_all_no_pua-15.0.06.hex, loading
[00:08:50] [Render thread/WARN] (Minecraft) Missing sound for event: minecraft:item.goat_horn.play
[00:08:50] [Render thread/WARN] (Minecraft) Missing sound for event: minecraft:entity.goat.screaming.horn_break
[00:08:51] [Render thread/INFO] (Minecraft) OpenAL initialized on device OpenAL Soft on Speakers (2- Realtek(R) Audio)
[00:08:51] [Render thread/INFO] (Minecraft) Sound engine started
[00:08:51] [Render thread/INFO] (Minecraft) Created: 1024x512x4 minecraft:textures/atlas/blocks.png-atlas
[00:08:51] [Render thread/INFO] (Minecraft) Created: 256x256x4 minecraft:textures/atlas/signs.png-atlas
[00:08:51] [Render thread/INFO] (Minecraft) Created: 512x512x4 minecraft:textures/atlas/shield_patterns.png-atlas
[00:08:51] [Render thread/INFO] (Minecraft) Created: 512x512x4 minecraft:textures/atlas/banner_patterns.png-atlas
[00:08:51] [Render thread/INFO] (Minecraft) Created: 1024x1024x4 minecraft:textures/atlas/armor_trims.png-atlas
[00:08:51] [Render thread/INFO] (Minecraft) Created: 128x64x4 minecraft:textures/atlas/decorated_pot.png-atlas
[00:08:51] [Render thread/INFO] (Minecraft) Created: 256x256x4 minecraft:textures/atlas/chest.png-atlas
[00:08:51] [Render thread/INFO] (Minecraft) Created: 512x256x4 minecraft:textures/atlas/shulker_boxes.png-atlas
[00:08:51] [Render thread/INFO] (Minecraft) Created: 512x256x4 minecraft:textures/atlas/beds.png-atlas
[00:08:51] [Render thread/WARN] (Minecraft) Shader rendertype_entity_translucent_emissive could not find sampler named Sampler2 in the specified shader program.
[00:08:51] [Render thread/INFO] (Minecraft) Created: 256x256x0 minecraft:textures/atlas/particles.png-atlas
[00:08:51] [Render thread/INFO] (Minecraft) Created: 256x256x0 minecraft:textures/atlas/paintings.png-atlas
[00:08:51] [Render thread/INFO] (Minecraft) Created: 128x128x0 minecraft:textures/atlas/mob_effects.png-atlas
[00:09:10] [Render thread/INFO] (Minecraft) Stopping!
